{"/Users/saikathalder/Documents/technical-assignments/frontend-weather-app-pjubsq/src/App.vue": {"path":"/Users/saikathalder/Documents/technical-assignments/frontend-weather-app-pjubsq/src/App.vue","statementMap":{"0":{"start":{"line":18,"column":15},"end":{"line":56,"column":null}},"1":{"start":{"line":29,"column":25},"end":{"line":29,"column":null}},"2":{"start":{"line":30,"column":38},"end":{"line":30,"column":null}},"3":{"start":{"line":32,"column":4},"end":{"line":47,"column":null}},"4":{"start":{"line":33,"column":6},"end":{"line":46,"column":null}},"5":{"start":{"line":34,"column":40},"end":{"line":34,"column":null}},"6":{"start":{"line":35,"column":20},"end":{"line":35,"column":null}},"7":{"start":{"line":36,"column":20},"end":{"line":36,"column":null}},"8":{"start":{"line":38,"column":8},"end":{"line":41,"column":null}},"9":{"start":{"line":42,"column":8},"end":{"line":45,"column":null}},"10":{"start":{"line":49,"column":4},"end":{"line":54,"column":null}},"11":{"start":{"line":60,"column":7},"end":{"line":60,"column":null}},"12":{"start":{"line":64,"column":13},"end":{"line":64,"column":null}},"13":{"start":{"line":73,"column":13},"end":{"line":73,"column":null}},"14":{"start":{"line":60,"column":2},"end":{"line":80,"column":null}}},"fnMap":{"0":{"name":"(anonymous_0)","decl":{"start":{"line":28,"column":2},"end":{"line":28,"column":10}},"loc":{"start":{"line":28,"column":10},"end":{"line":55,"column":null}}},"1":{"name":"(anonymous_1)","decl":{"start":{"line":32,"column":14},"end":{"line":32,"column":26}},"loc":{"start":{"line":32,"column":26},"end":{"line":47,"column":5}}},"2":{"name":"(anonymous_2)","decl":{"start":{"line":33,"column":47},"end":{"line":33,"column":54}},"loc":{"start":{"line":33,"column":67},"end":{"line":46,"column":7}}}},"branchMap":{"0":{"loc":{"start":{"line":61,"column":37},"end":{"line":80,"column":null}},"type":"cond-expr","locations":[{"start":{"line":61,"column":37},"end":{"line":80,"column":32}},{"start":{"line":80,"column":4},"end":{"line":80,"column":null}}]}},"s":{"0":1,"1":1,"2":1,"3":1,"4":1,"5":0,"6":0,"7":0,"8":0,"9":0,"10":1,"11":1,"12":1,"13":1,"14":1},"f":{"0":1,"1":1,"2":0},"b":{"0":[0,1]}}
,"/Users/saikathalder/Documents/technical-assignments/frontend-weather-app-pjubsq/src/Enums/Unit.ts": {"path":"/Users/saikathalder/Documents/technical-assignments/frontend-weather-app-pjubsq/src/Enums/Unit.ts","statementMap":{"0":{"start":{"line":1,"column":0},"end":{"line":1,"column":null}},"1":{"start":{"line":2,"column":2},"end":{"line":2,"column":null}},"2":{"start":{"line":3,"column":2},"end":{"line":3,"column":null}},"3":{"start":{"line":1,"column":5},"end":{"line":1,"column":null}}},"fnMap":{"0":{"name":"(anonymous_0)","decl":{"start":{"line":1,"column":0},"end":{"line":1,"column":5}},"loc":{"start":{"line":1,"column":0},"end":{"line":1,"column":null}}}},"branchMap":{"0":{"loc":{"start":{"line":1,"column":5},"end":{"line":1,"column":null}},"type":"binary-expr","locations":[{"start":{"line":1,"column":5},"end":{"line":1,"column":null}},{"start":{"line":1,"column":5},"end":{"line":1,"column":null}}]}},"s":{"0":1,"1":1,"2":1,"3":1},"f":{"0":1},"b":{"0":[1,1]}}
,"/Users/saikathalder/Documents/technical-assignments/frontend-weather-app-pjubsq/src/components/Icon.vue": {"path":"/Users/saikathalder/Documents/technical-assignments/frontend-weather-app-pjubsq/src/components/Icon.vue","statementMap":{"0":{"start":{"line":2,"column":15},"end":{"line":4,"column":null}},"1":{"start":{"line":9,"column":4},"end":{"line":9,"column":null}},"2":{"start":{"line":8,"column":2},"end":{"line":11,"column":null}}},"fnMap":{},"branchMap":{},"s":{"0":5,"1":5,"2":1},"f":{},"b":{}}
,"/Users/saikathalder/Documents/technical-assignments/frontend-weather-app-pjubsq/src/components/NoResult.vue": {"path":"/Users/saikathalder/Documents/technical-assignments/frontend-weather-app-pjubsq/src/components/NoResult.vue","statementMap":{"0":{"start":{"line":4,"column":15},"end":{"line":9,"column":null}},"1":{"start":{"line":13,"column":7},"end":{"line":13,"column":null}},"2":{"start":{"line":14,"column":9},"end":{"line":14,"column":null}}},"fnMap":{},"branchMap":{},"s":{"0":1,"1":1,"2":1},"f":{},"b":{}}
,"/Users/saikathalder/Documents/technical-assignments/frontend-weather-app-pjubsq/src/components/Progress.vue": {"path":"/Users/saikathalder/Documents/technical-assignments/frontend-weather-app-pjubsq/src/components/Progress.vue","statementMap":{"0":{"start":{"line":2,"column":15},"end":{"line":10,"column":null}},"1":{"start":{"line":14,"column":7},"end":{"line":14,"column":null}}},"fnMap":{},"branchMap":{},"s":{"0":3,"1":3},"f":{},"b":{}}
,"/Users/saikathalder/Documents/technical-assignments/frontend-weather-app-pjubsq/src/components/AirQuality/AirQualityProgressBar.vue": {"path":"/Users/saikathalder/Documents/technical-assignments/frontend-weather-app-pjubsq/src/components/AirQuality/AirQualityProgressBar.vue","statementMap":{"0":{"start":{"line":9,"column":15},"end":{"line":27,"column":null}},"1":{"start":{"line":21,"column":4},"end":{"line":25,"column":null}},"2":{"start":{"line":35,"column":9},"end":{"line":35,"column":null}}},"fnMap":{"0":{"name":"(anonymous_0)","decl":{"start":{"line":20,"column":2},"end":{"line":20,"column":10}},"loc":{"start":{"line":20,"column":10},"end":{"line":26,"column":null}}}},"branchMap":{},"s":{"0":3,"1":1,"2":3},"f":{"0":1},"b":{}}
,"/Users/saikathalder/Documents/technical-assignments/frontend-weather-app-pjubsq/src/components/AirQuality/AirQualityWidget.vue": {"path":"/Users/saikathalder/Documents/technical-assignments/frontend-weather-app-pjubsq/src/components/AirQuality/AirQualityWidget.vue","statementMap":{"0":{"start":{"line":18,"column":15},"end":{"line":43,"column":null}},"1":{"start":{"line":26,"column":25},"end":{"line":26,"column":null}},"2":{"start":{"line":28,"column":6},"end":{"line":28,"column":null}},"3":{"start":{"line":30,"column":4},"end":{"line":41,"column":null}},"4":{"start":{"line":52,"column":9},"end":{"line":52,"column":null}},"5":{"start":{"line":53,"column":11},"end":{"line":53,"column":null}},"6":{"start":{"line":54,"column":13},"end":{"line":54,"column":null}},"7":{"start":{"line":64,"column":13},"end":{"line":64,"column":null}},"8":{"start":{"line":65,"column":15},"end":{"line":65,"column":null}},"9":{"start":{"line":75,"column":11},"end":{"line":75,"column":null}},"10":{"start":{"line":77,"column":15},"end":{"line":77,"column":null}},"11":{"start":{"line":87,"column":15},"end":{"line":87,"column":null}}},"fnMap":{"0":{"name":"(anonymous_0)","decl":{"start":{"line":25,"column":2},"end":{"line":25,"column":10}},"loc":{"start":{"line":25,"column":10},"end":{"line":42,"column":null}}}},"branchMap":{"0":{"loc":{"start":{"line":51,"column":28},"end":{"line":51,"column":null}},"type":"cond-expr","locations":[{"start":{"line":51,"column":28},"end":{"line":51,"column":null}},{"start":{"line":51,"column":55},"end":{"line":51,"column":null}}]}},"s":{"0":2,"1":1,"2":0,"3":0,"4":2,"5":2,"6":2,"7":2,"8":2,"9":2,"10":2,"11":2},"f":{"0":1},"b":{"0":[0,1]}}
,"/Users/saikathalder/Documents/technical-assignments/frontend-weather-app-pjubsq/src/components/City/CityList.vue": {"path":"/Users/saikathalder/Documents/technical-assignments/frontend-weather-app-pjubsq/src/components/City/CityList.vue","statementMap":{"0":{"start":{"line":8,"column":15},"end":{"line":24,"column":null}},"1":{"start":{"line":20,"column":4},"end":{"line":22,"column":null}},"2":{"start":{"line":33,"column":6},"end":{"line":33,"column":44}}},"fnMap":{"0":{"name":"(anonymous_0)","decl":{"start":{"line":19,"column":2},"end":{"line":19,"column":10}},"loc":{"start":{"line":19,"column":10},"end":{"line":23,"column":null}}}},"branchMap":{},"s":{"0":4,"1":1,"2":0},"f":{"0":1},"b":{}}
,"/Users/saikathalder/Documents/technical-assignments/frontend-weather-app-pjubsq/src/components/City/CityListItem.vue": {"path":"/Users/saikathalder/Documents/technical-assignments/frontend-weather-app-pjubsq/src/components/City/CityListItem.vue","statementMap":{"0":{"start":{"line":8,"column":15},"end":{"line":29,"column":null}},"1":{"start":{"line":17,"column":25},"end":{"line":17,"column":null}},"2":{"start":{"line":18,"column":48},"end":{"line":18,"column":null}},"3":{"start":{"line":20,"column":28},"end":{"line":22,"column":null}},"4":{"start":{"line":21,"column":6},"end":{"line":21,"column":null}},"5":{"start":{"line":24,"column":4},"end":{"line":27,"column":null}},"6":{"start":{"line":37,"column":9},"end":{"line":37,"column":null}},"7":{"start":{"line":38,"column":11},"end":{"line":38,"column":null}},"8":{"start":{"line":40,"column":11},"end":{"line":40,"column":null}},"9":{"start":{"line":35,"column":12},"end":{"line":35,"column":null}}},"fnMap":{"0":{"name":"(anonymous_0)","decl":{"start":{"line":16,"column":2},"end":{"line":16,"column":8}},"loc":{"start":{"line":16,"column":32},"end":{"line":28,"column":null}}},"1":{"name":"(anonymous_1)","decl":{"start":{"line":20,"column":28},"end":{"line":20,"column":40}},"loc":{"start":{"line":20,"column":40},"end":{"line":22,"column":null}}},"2":{"name":"(anonymous_3)","decl":{"start":{"line":35,"column":10},"end":{"line":35,"column":12}},"loc":{"start":{"line":35,"column":12},"end":{"line":35,"column":null}}}},"branchMap":{"0":{"loc":{"start":{"line":35,"column":10},"end":{"line":35,"column":null}},"type":"binary-expr","locations":[{"start":{"line":35,"column":10},"end":{"line":35,"column":12}},{"start":{"line":35,"column":10},"end":{"line":35,"column":null}}]},"1":{"loc":{"start":{"line":35,"column":12},"end":{"line":35,"column":null}},"type":"binary-expr","locations":[{"start":{"line":35,"column":12},"end":{"line":35,"column":null}},{"start":{"line":35,"column":12},"end":{"line":35,"column":null}}]}},"s":{"0":5,"1":1,"2":0,"3":0,"4":0,"5":0,"6":5,"7":5,"8":5,"9":0},"f":{"0":1,"1":0,"2":0},"b":{"0":[1,1],"1":[0,0]}}
,"/Users/saikathalder/Documents/technical-assignments/frontend-weather-app-pjubsq/src/components/Header/Index.vue": {"path":"/Users/saikathalder/Documents/technical-assignments/frontend-weather-app-pjubsq/src/components/Header/Index.vue","statementMap":{"0":{"start":{"line":10,"column":15},"end":{"line":23,"column":null}},"1":{"start":{"line":17,"column":4},"end":{"line":21,"column":null}}},"fnMap":{"0":{"name":"(anonymous_0)","decl":{"start":{"line":16,"column":2},"end":{"line":16,"column":10}},"loc":{"start":{"line":16,"column":10},"end":{"line":22,"column":null}}}},"branchMap":{},"s":{"0":2,"1":1},"f":{"0":1},"b":{}}
,"/Users/saikathalder/Documents/technical-assignments/frontend-weather-app-pjubsq/src/components/Header/Profile.vue": {"path":"/Users/saikathalder/Documents/technical-assignments/frontend-weather-app-pjubsq/src/components/Header/Profile.vue","statementMap":{"0":{"start":{"line":5,"column":15},"end":{"line":14,"column":null}},"1":{"start":{"line":8,"column":4},"end":{"line":12,"column":null}},"2":{"start":{"line":18,"column":7},"end":{"line":18,"column":null}},"3":{"start":{"line":19,"column":9},"end":{"line":19,"column":null}}},"fnMap":{"0":{"name":"(anonymous_0)","decl":{"start":{"line":7,"column":2},"end":{"line":7,"column":10}},"loc":{"start":{"line":7,"column":10},"end":{"line":13,"column":null}}}},"branchMap":{},"s":{"0":3,"1":2,"2":3,"3":3},"f":{"0":2},"b":{}}
,"/Users/saikathalder/Documents/technical-assignments/frontend-weather-app-pjubsq/src/components/Header/SearchBar.vue": {"path":"/Users/saikathalder/Documents/technical-assignments/frontend-weather-app-pjubsq/src/components/Header/SearchBar.vue","statementMap":{"0":{"start":{"line":13,"column":15},"end":{"line":45,"column":null}},"1":{"start":{"line":19,"column":45},"end":{"line":19,"column":null}},"2":{"start":{"line":20,"column":36},"end":{"line":20,"column":null}},"3":{"start":{"line":22,"column":21},"end":{"line":28,"column":null}},"4":{"start":{"line":23,"column":6},"end":{"line":26,"column":null}},"5":{"start":{"line":24,"column":8},"end":{"line":24,"column":null}},"6":{"start":{"line":25,"column":8},"end":{"line":25,"column":null}},"7":{"start":{"line":27,"column":6},"end":{"line":27,"column":null}},"8":{"start":{"line":30,"column":27},"end":{"line":33,"column":null}},"9":{"start":{"line":31,"column":6},"end":{"line":31,"column":null}},"10":{"start":{"line":32,"column":6},"end":{"line":32,"column":null}},"11":{"start":{"line":35,"column":4},"end":{"line":43,"column":null}},"12":{"start":{"line":50,"column":9},"end":{"line":50,"column":62}},"13":{"start":{"line":51,"column":11},"end":{"line":51,"column":null}},"14":{"start":{"line":63,"column":13},"end":{"line":63,"column":null}},"15":{"start":{"line":59,"column":19},"end":{"line":59,"column":null}}},"fnMap":{"0":{"name":"(anonymous_0)","decl":{"start":{"line":18,"column":2},"end":{"line":18,"column":10}},"loc":{"start":{"line":18,"column":10},"end":{"line":44,"column":null}}},"1":{"name":"(anonymous_1)","decl":{"start":{"line":22,"column":21},"end":{"line":22,"column":27}},"loc":{"start":{"line":22,"column":27},"end":{"line":28,"column":null}}},"2":{"name":"(anonymous_2)","decl":{"start":{"line":30,"column":27},"end":{"line":30,"column":33}},"loc":{"start":{"line":30,"column":33},"end":{"line":33,"column":null}}},"3":{"name":"(anonymous_4)","decl":{"start":{"line":58,"column":23},"end":{"line":58,"column":null}},"loc":{"start":{"line":59,"column":19},"end":{"line":59,"column":null}}}},"branchMap":{"0":{"loc":{"start":{"line":23,"column":6},"end":{"line":26,"column":null}},"type":"if","locations":[{"start":{"line":23,"column":6},"end":{"line":26,"column":null}},{"start":{"line":23,"column":6},"end":{"line":26,"column":null}}]},"1":{"loc":{"start":{"line":58,"column":23},"end":{"line":59,"column":null}},"type":"binary-expr","locations":[{"start":{"line":58,"column":23},"end":{"line":58,"column":null}},{"start":{"line":58,"column":23},"end":{"line":59,"column":null}}]},"2":{"loc":{"start":{"line":72,"column":46},"end":{"line":null,"column":-1}},"type":"cond-expr","locations":[{"start":{"line":72,"column":54},"end":{"line":72,"column":46}},{"start":{"line":72,"column":32},"end":{"line":72,"column":46}}]}},"s":{"0":3,"1":3,"2":3,"3":3,"4":2,"5":2,"6":2,"7":0,"8":3,"9":0,"10":0,"11":3,"12":3,"13":3,"14":3,"15":0},"f":{"0":3,"1":2,"2":0,"3":0},"b":{"0":[2,0],"1":[3,3],"2":[0,3]}}
,"/Users/saikathalder/Documents/technical-assignments/frontend-weather-app-pjubsq/src/components/UVI/UviWidget.vue": {"path":"/Users/saikathalder/Documents/technical-assignments/frontend-weather-app-pjubsq/src/components/UVI/UviWidget.vue","statementMap":{"0":{"start":{"line":15,"column":15},"end":{"line":35,"column":null}},"1":{"start":{"line":22,"column":25},"end":{"line":22,"column":null}},"2":{"start":{"line":23,"column":53},"end":{"line":23,"column":null}},"3":{"start":{"line":25,"column":4},"end":{"line":33,"column":null}},"4":{"start":{"line":39,"column":7},"end":{"line":39,"column":null}},"5":{"start":{"line":41,"column":9},"end":{"line":41,"column":null}},"6":{"start":{"line":42,"column":11},"end":{"line":42,"column":null}},"7":{"start":{"line":53,"column":11},"end":{"line":53,"column":null}},"8":{"start":{"line":54,"column":13},"end":{"line":54,"column":null}},"9":{"start":{"line":69,"column":13},"end":{"line":69,"column":null}},"10":{"start":{"line":71,"column":18},"end":{"line":71,"column":null}}},"fnMap":{"0":{"name":"(anonymous_0)","decl":{"start":{"line":21,"column":2},"end":{"line":21,"column":10}},"loc":{"start":{"line":21,"column":10},"end":{"line":34,"column":null}}}},"branchMap":{"0":{"loc":{"start":{"line":40,"column":28},"end":{"line":40,"column":null}},"type":"cond-expr","locations":[{"start":{"line":40,"column":28},"end":{"line":40,"column":null}},{"start":{"line":40,"column":53},"end":{"line":40,"column":null}}]}},"s":{"0":2,"1":1,"2":1,"3":1,"4":2,"5":2,"6":2,"7":2,"8":2,"9":2,"10":2},"f":{"0":1},"b":{"0":[0,1]}}
,"/Users/saikathalder/Documents/technical-assignments/frontend-weather-app-pjubsq/src/components/Weather/Humidity.vue": {"path":"/Users/saikathalder/Documents/technical-assignments/frontend-weather-app-pjubsq/src/components/Weather/Humidity.vue","statementMap":{"0":{"start":{"line":6,"column":15},"end":{"line":23,"column":null}},"1":{"start":{"line":16,"column":52},"end":{"line":16,"column":null}},"2":{"start":{"line":16,"column":67},"end":{"line":16,"column":87}},"3":{"start":{"line":17,"column":4},"end":{"line":21,"column":null}},"4":{"start":{"line":30,"column":4},"end":{"line":30,"column":35}}},"fnMap":{"0":{"name":"(anonymous_0)","decl":{"start":{"line":15,"column":2},"end":{"line":15,"column":8}},"loc":{"start":{"line":15,"column":46},"end":{"line":22,"column":null}}},"1":{"name":"(anonymous_1)","decl":{"start":{"line":16,"column":61},"end":{"line":16,"column":67}},"loc":{"start":{"line":16,"column":67},"end":{"line":16,"column":87}}}},"branchMap":{},"s":{"0":3,"1":3,"2":3,"3":3,"4":3},"f":{"0":3,"1":3},"b":{}}
,"/Users/saikathalder/Documents/technical-assignments/frontend-weather-app-pjubsq/src/components/Weather/Pressure.vue": {"path":"/Users/saikathalder/Documents/technical-assignments/frontend-weather-app-pjubsq/src/components/Weather/Pressure.vue","statementMap":{"0":{"start":{"line":4,"column":15},"end":{"line":19,"column":null}},"1":{"start":{"line":14,"column":4},"end":{"line":17,"column":null}},"2":{"start":{"line":26,"column":4},"end":{"line":26,"column":35}}},"fnMap":{"0":{"name":"(anonymous_0)","decl":{"start":{"line":13,"column":2},"end":{"line":13,"column":10}},"loc":{"start":{"line":13,"column":10},"end":{"line":18,"column":null}}}},"branchMap":{},"s":{"0":3,"1":3,"2":3},"f":{"0":3},"b":{}}
,"/Users/saikathalder/Documents/technical-assignments/frontend-weather-app-pjubsq/src/components/Weather/Temperature.vue": {"path":"/Users/saikathalder/Documents/technical-assignments/frontend-weather-app-pjubsq/src/components/Weather/Temperature.vue","statementMap":{"0":{"start":{"line":10,"column":15},"end":{"line":44,"column":null}},"1":{"start":{"line":34,"column":45},"end":{"line":36,"column":null}},"2":{"start":{"line":35,"column":12},"end":{"line":35,"column":null}},"3":{"start":{"line":38,"column":4},"end":{"line":42,"column":null}},"4":{"start":{"line":49,"column":10},"end":{"line":56,"column":null}}},"fnMap":{"0":{"name":"(anonymous_0)","decl":{"start":{"line":33,"column":2},"end":{"line":33,"column":8}},"loc":{"start":{"line":33,"column":74},"end":{"line":43,"column":null}}},"1":{"name":"(anonymous_1)","decl":{"start":{"line":35,"column":6},"end":{"line":35,"column":12}},"loc":{"start":{"line":35,"column":12},"end":{"line":35,"column":null}}}},"branchMap":{"0":{"loc":{"start":{"line":49,"column":10},"end":{"line":56,"column":null}},"type":"cond-expr","locations":[{"start":{"line":49,"column":10},"end":{"line":53,"column":null}},{"start":{"line":53,"column":18},"end":{"line":56,"column":null}}]}},"s":{"0":7,"1":11,"2":11,"3":11,"4":11},"f":{"0":11,"1":11},"b":{"0":[7,4]}}
,"/Users/saikathalder/Documents/technical-assignments/frontend-weather-app-pjubsq/src/components/Weather/Visibility.vue": {"path":"/Users/saikathalder/Documents/technical-assignments/frontend-weather-app-pjubsq/src/components/Weather/Visibility.vue","statementMap":{"0":{"start":{"line":7,"column":15},"end":{"line":26,"column":null}},"1":{"start":{"line":16,"column":56},"end":{"line":19,"column":null}},"2":{"start":{"line":18,"column":8},"end":{"line":18,"column":null}},"3":{"start":{"line":20,"column":4},"end":{"line":24,"column":null}},"4":{"start":{"line":33,"column":4},"end":{"line":33,"column":37}}},"fnMap":{"0":{"name":"(anonymous_0)","decl":{"start":{"line":15,"column":2},"end":{"line":15,"column":8}},"loc":{"start":{"line":15,"column":48},"end":{"line":25,"column":null}}},"1":{"name":"(anonymous_1)","decl":{"start":{"line":17,"column":6},"end":{"line":17,"column":null}},"loc":{"start":{"line":18,"column":8},"end":{"line":18,"column":null}}}},"branchMap":{},"s":{"0":3,"1":3,"2":3,"3":3,"4":3},"f":{"0":3,"1":3},"b":{}}
,"/Users/saikathalder/Documents/technical-assignments/frontend-weather-app-pjubsq/src/components/Weather/WeatherWidgetLarge.vue": {"path":"/Users/saikathalder/Documents/technical-assignments/frontend-weather-app-pjubsq/src/components/Weather/WeatherWidgetLarge.vue","statementMap":{"0":{"start":{"line":18,"column":15},"end":{"line":54,"column":null}},"1":{"start":{"line":28,"column":25},"end":{"line":28,"column":null}},"2":{"start":{"line":37,"column":8},"end":{"line":37,"column":null}},"3":{"start":{"line":39,"column":4},"end":{"line":52,"column":null}},"4":{"start":{"line":63,"column":9},"end":{"line":63,"column":null}},"5":{"start":{"line":64,"column":11},"end":{"line":64,"column":null}},"6":{"start":{"line":65,"column":13},"end":{"line":65,"column":null}},"7":{"start":{"line":71,"column":13},"end":{"line":71,"column":null}},"8":{"start":{"line":72,"column":15},"end":{"line":72,"column":null}},"9":{"start":{"line":80,"column":11},"end":{"line":80,"column":null}},"10":{"start":{"line":82,"column":15},"end":{"line":82,"column":null}},"11":{"start":{"line":86,"column":13},"end":{"line":86,"column":37}},"12":{"start":{"line":89,"column":11},"end":{"line":89,"column":null}}},"fnMap":{"0":{"name":"(anonymous_0)","decl":{"start":{"line":27,"column":2},"end":{"line":27,"column":10}},"loc":{"start":{"line":27,"column":10},"end":{"line":53,"column":null}}}},"branchMap":{"0":{"loc":{"start":{"line":62,"column":28},"end":{"line":62,"column":null}},"type":"cond-expr","locations":[{"start":{"line":62,"column":28},"end":{"line":62,"column":null}},{"start":{"line":62,"column":53},"end":{"line":62,"column":null}}]}},"s":{"0":2,"1":1,"2":1,"3":1,"4":2,"5":2,"6":2,"7":2,"8":2,"9":2,"10":2,"11":2,"12":2},"f":{"0":1},"b":{"0":[0,1]}}
,"/Users/saikathalder/Documents/technical-assignments/frontend-weather-app-pjubsq/src/components/Weather/WeatherWidgetSmall.vue": {"path":"/Users/saikathalder/Documents/technical-assignments/frontend-weather-app-pjubsq/src/components/Weather/WeatherWidgetSmall.vue","statementMap":{"0":{"start":{"line":14,"column":15},"end":{"line":35,"column":null}},"1":{"start":{"line":21,"column":25},"end":{"line":21,"column":null}},"2":{"start":{"line":23,"column":6},"end":{"line":23,"column":null}},"3":{"start":{"line":25,"column":4},"end":{"line":33,"column":null}},"4":{"start":{"line":39,"column":7},"end":{"line":39,"column":null}},"5":{"start":{"line":41,"column":9},"end":{"line":41,"column":null}},"6":{"start":{"line":42,"column":11},"end":{"line":42,"column":null}},"7":{"start":{"line":48,"column":10},"end":{"line":49,"column":null}}},"fnMap":{"0":{"name":"(anonymous_0)","decl":{"start":{"line":20,"column":2},"end":{"line":20,"column":10}},"loc":{"start":{"line":20,"column":10},"end":{"line":34,"column":null}}}},"branchMap":{"0":{"loc":{"start":{"line":40,"column":28},"end":{"line":40,"column":null}},"type":"cond-expr","locations":[{"start":{"line":40,"column":28},"end":{"line":40,"column":null}},{"start":{"line":40,"column":53},"end":{"line":40,"column":null}}]}},"s":{"0":2,"1":1,"2":1,"3":1,"4":2,"5":2,"6":2,"7":2},"f":{"0":1},"b":{"0":[0,1]}}
,"/Users/saikathalder/Documents/technical-assignments/frontend-weather-app-pjubsq/src/components/Weather/WeatherWidgetTomorrow.vue": {"path":"/Users/saikathalder/Documents/technical-assignments/frontend-weather-app-pjubsq/src/components/Weather/WeatherWidgetTomorrow.vue","statementMap":{"0":{"start":{"line":15,"column":15},"end":{"line":35,"column":null}},"1":{"start":{"line":22,"column":25},"end":{"line":22,"column":null}},"2":{"start":{"line":23,"column":58},"end":{"line":23,"column":null}},"3":{"start":{"line":25,"column":4},"end":{"line":33,"column":null}},"4":{"start":{"line":39,"column":7},"end":{"line":39,"column":null}},"5":{"start":{"line":41,"column":9},"end":{"line":41,"column":null}},"6":{"start":{"line":43,"column":9},"end":{"line":43,"column":null}}},"fnMap":{"0":{"name":"(anonymous_0)","decl":{"start":{"line":21,"column":2},"end":{"line":21,"column":10}},"loc":{"start":{"line":21,"column":10},"end":{"line":34,"column":null}}}},"branchMap":{"0":{"loc":{"start":{"line":40,"column":28},"end":{"line":40,"column":null}},"type":"cond-expr","locations":[{"start":{"line":40,"column":28},"end":{"line":40,"column":null}},{"start":{"line":40,"column":53},"end":{"line":40,"column":null}}]},"1":{"loc":{"start":{"line":48,"column":41},"end":{"line":48,"column":null}},"type":"binary-expr","locations":[{"start":{"line":48,"column":41},"end":{"line":48,"column":77}},{"start":{"line":48,"column":77},"end":{"line":48,"column":null}}]},"2":{"loc":{"start":{"line":54,"column":17},"end":{"line":54,"column":null}},"type":"binary-expr","locations":[{"start":{"line":54,"column":17},"end":{"line":54,"column":46}},{"start":{"line":54,"column":46},"end":{"line":54,"column":null}}]},"3":{"loc":{"start":{"line":59,"column":17},"end":{"line":59,"column":null}},"type":"binary-expr","locations":[{"start":{"line":59,"column":17},"end":{"line":59,"column":46}},{"start":{"line":59,"column":46},"end":{"line":59,"column":null}}]}},"s":{"0":2,"1":2,"2":0,"3":0,"4":2,"5":2,"6":2},"f":{"0":2},"b":{"0":[0,2],"1":[2,2],"2":[0,0],"3":[0,0]}}
,"/Users/saikathalder/Documents/technical-assignments/frontend-weather-app-pjubsq/src/components/Weather/Prediction/PredictionWidget.vue": {"path":"/Users/saikathalder/Documents/technical-assignments/frontend-weather-app-pjubsq/src/components/Weather/Prediction/PredictionWidget.vue","statementMap":{"0":{"start":{"line":13,"column":15},"end":{"line":51,"column":null}},"1":{"start":{"line":42,"column":4},"end":{"line":49,"column":null}},"2":{"start":{"line":56,"column":9},"end":{"line":56,"column":null}},"3":{"start":{"line":64,"column":11},"end":{"line":64,"column":null}},"4":{"start":{"line":71,"column":13},"end":{"line":71,"column":null}},"5":{"start":{"line":72,"column":15},"end":{"line":72,"column":null}}},"fnMap":{"0":{"name":"(anonymous_0)","decl":{"start":{"line":41,"column":2},"end":{"line":41,"column":10}},"loc":{"start":{"line":41,"column":10},"end":{"line":50,"column":null}}}},"branchMap":{},"s":{"0":3,"1":2,"2":3,"3":3,"4":3,"5":3},"f":{"0":2},"b":{}}
,"/Users/saikathalder/Documents/technical-assignments/frontend-weather-app-pjubsq/src/components/Weather/Prediction/WeatherPredictions.vue": {"path":"/Users/saikathalder/Documents/technical-assignments/frontend-weather-app-pjubsq/src/components/Weather/Prediction/WeatherPredictions.vue","statementMap":{"0":{"start":{"line":14,"column":15},"end":{"line":36,"column":null}},"1":{"start":{"line":21,"column":51},"end":{"line":21,"column":null}},"2":{"start":{"line":22,"column":25},"end":{"line":22,"column":null}},"3":{"start":{"line":24,"column":6},"end":{"line":24,"column":null}},"4":{"start":{"line":26,"column":4},"end":{"line":34,"column":null}},"5":{"start":{"line":40,"column":7},"end":{"line":40,"column":null}},"6":{"start":{"line":64,"column":9},"end":{"line":64,"column":null}},"7":{"start":{"line":55,"column":8},"end":{"line":60,"column":null}},"8":{"start":{"line":67,"column":16},"end":{"line":67,"column":null}}},"fnMap":{"0":{"name":"(anonymous_0)","decl":{"start":{"line":20,"column":2},"end":{"line":20,"column":10}},"loc":{"start":{"line":20,"column":10},"end":{"line":35,"column":null}}},"1":{"name":"(anonymous_3)","decl":{"start":{"line":67,"column":14},"end":{"line":67,"column":16}},"loc":{"start":{"line":67,"column":16},"end":{"line":67,"column":null}}}},"branchMap":{"0":{"loc":{"start":{"line":41,"column":28},"end":{"line":41,"column":null}},"type":"cond-expr","locations":[{"start":{"line":41,"column":28},"end":{"line":41,"column":null}},{"start":{"line":41,"column":53},"end":{"line":41,"column":null}}]},"1":{"loc":{"start":{"line":50,"column":29},"end":{"line":50,"column":125}},"type":"cond-expr","locations":[{"start":{"line":50,"column":66},"end":{"line":50,"column":102}},{"start":{"line":50,"column":102},"end":{"line":50,"column":125}}]},"2":{"loc":{"start":{"line":72,"column":10},"end":{"line":71,"column":12}},"type":"cond-expr","locations":[{"start":{"line":66,"column":15},"end":{"line":71,"column":12}},{"start":{"line":71,"column":6},"end":{"line":71,"column":12}}]},"3":{"loc":{"start":{"line":67,"column":14},"end":{"line":67,"column":null}},"type":"binary-expr","locations":[{"start":{"line":67,"column":14},"end":{"line":67,"column":16}},{"start":{"line":67,"column":14},"end":{"line":67,"column":null}}]}},"s":{"0":2,"1":2,"2":2,"3":2,"4":2,"5":2,"6":2,"7":0,"8":0},"f":{"0":2,"1":0},"b":{"0":[0,2],"1":[0,2],"2":[2,0],"3":[2,2]}}
,"/Users/saikathalder/Documents/technical-assignments/frontend-weather-app-pjubsq/src/directives/clickOutsideEvent.ts": {"path":"/Users/saikathalder/Documents/technical-assignments/frontend-weather-app-pjubsq/src/directives/clickOutsideEvent.ts","statementMap":{"0":{"start":{"line":1,"column":21},"end":{"line":15,"column":null}},"1":{"start":{"line":3,"column":4},"end":{"line":9,"column":null}},"2":{"start":{"line":5,"column":6},"end":{"line":8,"column":null}},"3":{"start":{"line":7,"column":8},"end":{"line":7,"column":null}},"4":{"start":{"line":10,"column":4},"end":{"line":10,"column":null}},"5":{"start":{"line":13,"column":4},"end":{"line":13,"column":null}}},"fnMap":{"0":{"name":"(anonymous_0)","decl":{"start":{"line":2,"column":15},"end":{"line":2,"column":16}},"loc":{"start":{"line":2,"column":42},"end":{"line":11,"column":null}}},"1":{"name":"(anonymous_1)","decl":{"start":{"line":3,"column":27},"end":{"line":3,"column":28}},"loc":{"start":{"line":3,"column":43},"end":{"line":9,"column":null}}},"2":{"name":"(anonymous_2)","decl":{"start":{"line":12,"column":13},"end":{"line":12,"column":14}},"loc":{"start":{"line":12,"column":26},"end":{"line":14,"column":null}}}},"branchMap":{"0":{"loc":{"start":{"line":5,"column":6},"end":{"line":8,"column":null}},"type":"if","locations":[{"start":{"line":5,"column":6},"end":{"line":8,"column":null}},{"start":{"line":5,"column":6},"end":{"line":8,"column":null}}]},"1":{"loc":{"start":{"line":5,"column":12},"end":{"line":5,"column":62}},"type":"binary-expr","locations":[{"start":{"line":5,"column":12},"end":{"line":5,"column":34}},{"start":{"line":5,"column":34},"end":{"line":5,"column":62}}]}},"s":{"0":1,"1":1,"2":1,"3":1,"4":1,"5":1},"f":{"0":1,"1":1,"2":1},"b":{"0":[1,0],"1":[1,1]}}
,"/Users/saikathalder/Documents/technical-assignments/frontend-weather-app-pjubsq/src/helper/cache.helper.ts": {"path":"/Users/saikathalder/Documents/technical-assignments/frontend-weather-app-pjubsq/src/helper/cache.helper.ts","statementMap":{"0":{"start":{"line":12,"column":2},"end":{"line":12,"column":null}},"1":{"start":{"line":16,"column":19},"end":{"line":16,"column":null}},"2":{"start":{"line":17,"column":2},"end":{"line":17,"column":null}},"3":{"start":{"line":17,"column":17},"end":{"line":17,"column":null}},"4":{"start":{"line":18,"column":37},"end":{"line":18,"column":null}},"5":{"start":{"line":19,"column":8},"end":{"line":19,"column":null}},"6":{"start":{"line":20,"column":2},"end":{"line":24,"column":null}},"7":{"start":{"line":22,"column":4},"end":{"line":22,"column":null}},"8":{"start":{"line":23,"column":4},"end":{"line":23,"column":null}},"9":{"start":{"line":26,"column":2},"end":{"line":26,"column":null}},"10":{"start":{"line":30,"column":26},"end":{"line":33,"column":null}},"11":{"start":{"line":34,"column":2},"end":{"line":34,"column":null}}},"fnMap":{"0":{"name":"getCacheKey","decl":{"start":{"line":3,"column":16},"end":{"line":3,"column":28}},"loc":{"start":{"line":11,"column":3},"end":{"line":13,"column":null}}},"1":{"name":"isCached","decl":{"start":{"line":15,"column":16},"end":{"line":15,"column":25}},"loc":{"start":{"line":15,"column":51},"end":{"line":27,"column":null}}},"2":{"name":"setCache","decl":{"start":{"line":29,"column":16},"end":{"line":29,"column":25}},"loc":{"start":{"line":29,"column":70},"end":{"line":35,"column":null}}}},"branchMap":{"0":{"loc":{"start":{"line":17,"column":2},"end":{"line":17,"column":null}},"type":"if","locations":[{"start":{"line":17,"column":2},"end":{"line":17,"column":null}},{"start":{"line":17,"column":2},"end":{"line":17,"column":null}}]},"1":{"loc":{"start":{"line":20,"column":2},"end":{"line":24,"column":null}},"type":"if","locations":[{"start":{"line":20,"column":2},"end":{"line":24,"column":null}},{"start":{"line":20,"column":2},"end":{"line":24,"column":null}}]}},"s":{"0":1,"1":3,"2":3,"3":1,"4":2,"5":2,"6":2,"7":1,"8":1,"9":1,"10":1,"11":1},"f":{"0":1,"1":3,"2":1},"b":{"0":[1,2],"1":[1,1]}}
,"/Users/saikathalder/Documents/technical-assignments/frontend-weather-app-pjubsq/src/helper/index.ts": {"path":"/Users/saikathalder/Documents/technical-assignments/frontend-weather-app-pjubsq/src/helper/index.ts","statementMap":{"0":{"start":{"line":7,"column":8},"end":{"line":7,"column":null}},"1":{"start":{"line":8,"column":33},"end":{"line":8,"column":null}},"2":{"start":{"line":9,"column":28},"end":{"line":9,"column":null}},"3":{"start":{"line":11,"column":2},"end":{"line":13,"column":null}},"4":{"start":{"line":11,"column":17},"end":{"line":11,"column":null}},"5":{"start":{"line":11,"column":45},"end":{"line":13,"column":null}},"6":{"start":{"line":12,"column":22},"end":{"line":12,"column":null}},"7":{"start":{"line":13,"column":7},"end":{"line":13,"column":null}},"8":{"start":{"line":15,"column":2},"end":{"line":15,"column":null}},"9":{"start":{"line":19,"column":2},"end":{"line":19,"column":null}},"10":{"start":{"line":23,"column":26},"end":{"line":23,"column":null}},"11":{"start":{"line":24,"column":2},"end":{"line":29,"column":null}},"12":{"start":{"line":25,"column":4},"end":{"line":28,"column":null}},"13":{"start":{"line":33,"column":14},"end":{"line":33,"column":null}},"14":{"start":{"line":34,"column":15},"end":{"line":34,"column":null}},"15":{"start":{"line":35,"column":2},"end":{"line":50,"column":null}},"16":{"start":{"line":36,"column":4},"end":{"line":36,"column":null}},"17":{"start":{"line":37,"column":4},"end":{"line":37,"column":null}},"18":{"start":{"line":38,"column":2},"end":{"line":50,"column":null}},"19":{"start":{"line":39,"column":4},"end":{"line":39,"column":null}},"20":{"start":{"line":40,"column":4},"end":{"line":40,"column":null}},"21":{"start":{"line":41,"column":2},"end":{"line":50,"column":null}},"22":{"start":{"line":42,"column":4},"end":{"line":42,"column":null}},"23":{"start":{"line":43,"column":4},"end":{"line":43,"column":null}},"24":{"start":{"line":44,"column":2},"end":{"line":50,"column":null}},"25":{"start":{"line":45,"column":4},"end":{"line":45,"column":null}},"26":{"start":{"line":46,"column":4},"end":{"line":46,"column":null}},"27":{"start":{"line":48,"column":4},"end":{"line":48,"column":null}},"28":{"start":{"line":49,"column":4},"end":{"line":49,"column":null}},"29":{"start":{"line":52,"column":2},"end":{"line":55,"column":null}},"30":{"start":{"line":59,"column":15},"end":{"line":67,"column":null}},"31":{"start":{"line":68,"column":12},"end":{"line":68,"column":null}},"32":{"start":{"line":69,"column":2},"end":{"line":69,"column":null}},"33":{"start":{"line":73,"column":2},"end":{"line":73,"column":null}},"34":{"start":{"line":73,"column":15},"end":{"line":73,"column":null}},"35":{"start":{"line":74,"column":13},"end":{"line":74,"column":null}},"36":{"start":{"line":75,"column":2},"end":{"line":75,"column":null}},"37":{"start":{"line":79,"column":21},"end":{"line":79,"column":null}},"38":{"start":{"line":80,"column":2},"end":{"line":80,"column":null}}},"fnMap":{"0":{"name":"getGreeting","decl":{"start":{"line":6,"column":16},"end":{"line":6,"column":38}},"loc":{"start":{"line":6,"column":38},"end":{"line":16,"column":null}}},"1":{"name":"getOpenWeatherIcon","decl":{"start":{"line":18,"column":16},"end":{"line":18,"column":35}},"loc":{"start":{"line":18,"column":71},"end":{"line":20,"column":null}}},"2":{"name":"handleCitySearch","decl":{"start":{"line":22,"column":16},"end":{"line":22,"column":33}},"loc":{"start":{"line":22,"column":73},"end":{"line":30,"column":null}}},"3":{"name":"(anonymous_3)","decl":{"start":{"line":24,"column":23},"end":{"line":24,"column":24}},"loc":{"start":{"line":25,"column":4},"end":{"line":28,"column":null}}},"4":{"name":"getUvIStatusByValue","decl":{"start":{"line":32,"column":16},"end":{"line":32,"column":36}},"loc":{"start":{"line":32,"column":66},"end":{"line":56,"column":null}}},"5":{"name":"getToday","decl":{"start":{"line":58,"column":16},"end":{"line":58,"column":27}},"loc":{"start":{"line":58,"column":27},"end":{"line":70,"column":null}}},"6":{"name":"getDateByIndex","decl":{"start":{"line":72,"column":16},"end":{"line":72,"column":31}},"loc":{"start":{"line":72,"column":44},"end":{"line":76,"column":null}}},"7":{"name":"getCardinalDirection","decl":{"start":{"line":78,"column":16},"end":{"line":78,"column":37}},"loc":{"start":{"line":78,"column":52},"end":{"line":81,"column":null}}}},"branchMap":{"0":{"loc":{"start":{"line":11,"column":2},"end":{"line":13,"column":null}},"type":"if","locations":[{"start":{"line":11,"column":2},"end":{"line":13,"column":null}},{"start":{"line":11,"column":45},"end":{"line":13,"column":null}}]},"1":{"loc":{"start":{"line":11,"column":45},"end":{"line":13,"column":null}},"type":"if","locations":[{"start":{"line":11,"column":45},"end":{"line":13,"column":null}},{"start":{"line":13,"column":7},"end":{"line":13,"column":null}}]},"2":{"loc":{"start":{"line":35,"column":2},"end":{"line":50,"column":null}},"type":"if","locations":[{"start":{"line":35,"column":2},"end":{"line":50,"column":null}},{"start":{"line":38,"column":2},"end":{"line":50,"column":null}}]},"3":{"loc":{"start":{"line":35,"column":6},"end":{"line":35,"column":31}},"type":"binary-expr","locations":[{"start":{"line":35,"column":6},"end":{"line":35,"column":20}},{"start":{"line":35,"column":20},"end":{"line":35,"column":31}}]},"4":{"loc":{"start":{"line":38,"column":2},"end":{"line":50,"column":null}},"type":"if","locations":[{"start":{"line":38,"column":2},"end":{"line":50,"column":null}},{"start":{"line":41,"column":2},"end":{"line":50,"column":null}}]},"5":{"loc":{"start":{"line":38,"column":13},"end":{"line":38,"column":38}},"type":"binary-expr","locations":[{"start":{"line":38,"column":13},"end":{"line":38,"column":27}},{"start":{"line":38,"column":27},"end":{"line":38,"column":38}}]},"6":{"loc":{"start":{"line":41,"column":2},"end":{"line":50,"column":null}},"type":"if","locations":[{"start":{"line":41,"column":2},"end":{"line":50,"column":null}},{"start":{"line":44,"column":2},"end":{"line":50,"column":null}}]},"7":{"loc":{"start":{"line":41,"column":13},"end":{"line":41,"column":38}},"type":"binary-expr","locations":[{"start":{"line":41,"column":13},"end":{"line":41,"column":27}},{"start":{"line":41,"column":27},"end":{"line":41,"column":38}}]},"8":{"loc":{"start":{"line":44,"column":2},"end":{"line":50,"column":null}},"type":"if","locations":[{"start":{"line":44,"column":2},"end":{"line":50,"column":null}},{"start":{"line":47,"column":9},"end":{"line":50,"column":null}}]},"9":{"loc":{"start":{"line":44,"column":13},"end":{"line":44,"column":38}},"type":"binary-expr","locations":[{"start":{"line":44,"column":13},"end":{"line":44,"column":27}},{"start":{"line":44,"column":27},"end":{"line":44,"column":38}}]},"10":{"loc":{"start":{"line":73,"column":2},"end":{"line":73,"column":null}},"type":"if","locations":[{"start":{"line":73,"column":2},"end":{"line":73,"column":null}},{"start":{"line":73,"column":2},"end":{"line":73,"column":null}}]}},"s":{"0":5,"1":5,"2":5,"3":5,"4":3,"5":2,"6":1,"7":1,"8":5,"9":4,"10":3,"11":3,"12":128715,"13":9,"14":9,"15":9,"16":4,"17":4,"18":5,"19":2,"20":2,"21":3,"22":1,"23":1,"24":2,"25":1,"26":1,"27":1,"28":1,"29":9,"30":2,"31":2,"32":2,"33":2,"34":1,"35":1,"36":1,"37":4,"38":4},"f":{"0":5,"1":4,"2":3,"3":128715,"4":9,"5":2,"6":2,"7":4},"b":{"0":[3,2],"1":[1,1],"2":[4,5],"3":[9,9],"4":[2,3],"5":[5,5],"6":[1,2],"7":[3,3],"8":[1,1],"9":[2,2],"10":[1,1]}}
,"/Users/saikathalder/Documents/technical-assignments/frontend-weather-app-pjubsq/src/store/useWeatherStore.ts": {"path":"/Users/saikathalder/Documents/technical-assignments/frontend-weather-app-pjubsq/src/store/useWeatherStore.ts","statementMap":{"0":{"start":{"line":10,"column":15},"end":{"line":10,"column":null}},"1":{"start":{"line":20,"column":31},"end":{"line":111,"column":null}},"2":{"start":{"line":21,"column":31},"end":{"line":27,"column":null}},"3":{"start":{"line":29,"column":62},"end":{"line":29,"column":null}},"4":{"start":{"line":31,"column":6},"end":{"line":31,"column":null}},"5":{"start":{"line":32,"column":55},"end":{"line":32,"column":null}},"6":{"start":{"line":35,"column":6},"end":{"line":35,"column":null}},"7":{"start":{"line":37,"column":6},"end":{"line":37,"column":null}},"8":{"start":{"line":40,"column":6},"end":{"line":40,"column":null}},"9":{"start":{"line":43,"column":6},"end":{"line":43,"column":null}},"10":{"start":{"line":46,"column":6},"end":{"line":46,"column":null}},"11":{"start":{"line":49,"column":6},"end":{"line":49,"column":null}},"12":{"start":{"line":51,"column":53},"end":{"line":51,"column":null}},"13":{"start":{"line":54,"column":6},"end":{"line":54,"column":null}},"14":{"start":{"line":56,"column":6},"end":{"line":56,"column":null}},"15":{"start":{"line":59,"column":6},"end":{"line":59,"column":null}},"16":{"start":{"line":62,"column":6},"end":{"line":62,"column":null}},"17":{"start":{"line":65,"column":6},"end":{"line":65,"column":null}},"18":{"start":{"line":69,"column":6},"end":{"line":69,"column":null}},"19":{"start":{"line":70,"column":18},"end":{"line":70,"column":null}},"20":{"start":{"line":71,"column":23},"end":{"line":71,"column":null}},"21":{"start":{"line":72,"column":24},"end":{"line":72,"column":null}},"22":{"start":{"line":73,"column":6},"end":{"line":77,"column":null}},"23":{"start":{"line":74,"column":8},"end":{"line":74,"column":null}},"24":{"start":{"line":75,"column":8},"end":{"line":75,"column":null}},"25":{"start":{"line":76,"column":8},"end":{"line":76,"column":null}},"26":{"start":{"line":78,"column":23},"end":{"line":80,"column":null}},"27":{"start":{"line":81,"column":6},"end":{"line":81,"column":null}},"28":{"start":{"line":82,"column":6},"end":{"line":82,"column":null}},"29":{"start":{"line":83,"column":6},"end":{"line":83,"column":null}},"30":{"start":{"line":84,"column":6},"end":{"line":84,"column":null}},"31":{"start":{"line":87,"column":6},"end":{"line":87,"column":null}},"32":{"start":{"line":88,"column":18},"end":{"line":88,"column":null}},"33":{"start":{"line":89,"column":23},"end":{"line":89,"column":null}},"34":{"start":{"line":90,"column":24},"end":{"line":90,"column":null}},"35":{"start":{"line":91,"column":6},"end":{"line":95,"column":null}},"36":{"start":{"line":92,"column":8},"end":{"line":92,"column":null}},"37":{"start":{"line":93,"column":8},"end":{"line":93,"column":null}},"38":{"start":{"line":94,"column":8},"end":{"line":94,"column":null}},"39":{"start":{"line":96,"column":23},"end":{"line":98,"column":null}},"40":{"start":{"line":99,"column":6},"end":{"line":99,"column":null}},"41":{"start":{"line":100,"column":6},"end":{"line":100,"column":null}},"42":{"start":{"line":101,"column":6},"end":{"line":101,"column":null}},"43":{"start":{"line":102,"column":6},"end":{"line":102,"column":null}},"44":{"start":{"line":105,"column":53},"end":{"line":105,"column":null}},"45":{"start":{"line":106,"column":6},"end":{"line":106,"column":null}},"46":{"start":{"line":107,"column":6},"end":{"line":107,"column":null}},"47":{"start":{"line":108,"column":6},"end":{"line":108,"column":null}}},"fnMap":{"0":{"name":"(anonymous_0)","decl":{"start":{"line":21,"column":9},"end":{"line":21,"column":31}},"loc":{"start":{"line":21,"column":31},"end":{"line":27,"column":null}}},"1":{"name":"(anonymous_1)","decl":{"start":{"line":29,"column":27},"end":{"line":29,"column":28}},"loc":{"start":{"line":29,"column":62},"end":{"line":29,"column":null}}},"2":{"name":"(anonymous_2)","decl":{"start":{"line":30,"column":32},"end":{"line":30,"column":33}},"loc":{"start":{"line":31,"column":6},"end":{"line":31,"column":null}}},"3":{"name":"(anonymous_3)","decl":{"start":{"line":32,"column":21},"end":{"line":32,"column":22}},"loc":{"start":{"line":32,"column":55},"end":{"line":32,"column":null}}},"4":{"name":"(anonymous_4)","decl":{"start":{"line":34,"column":27},"end":{"line":34,"column":28}},"loc":{"start":{"line":35,"column":6},"end":{"line":35,"column":null}}},"5":{"name":"(anonymous_5)","decl":{"start":{"line":36,"column":24},"end":{"line":36,"column":25}},"loc":{"start":{"line":37,"column":6},"end":{"line":37,"column":null}}},"6":{"name":"(anonymous_6)","decl":{"start":{"line":39,"column":24},"end":{"line":39,"column":25}},"loc":{"start":{"line":40,"column":6},"end":{"line":40,"column":null}}},"7":{"name":"(anonymous_7)","decl":{"start":{"line":42,"column":26},"end":{"line":42,"column":27}},"loc":{"start":{"line":43,"column":6},"end":{"line":43,"column":null}}},"8":{"name":"(anonymous_8)","decl":{"start":{"line":45,"column":24},"end":{"line":45,"column":25}},"loc":{"start":{"line":46,"column":6},"end":{"line":46,"column":null}}},"9":{"name":"(anonymous_9)","decl":{"start":{"line":48,"column":25},"end":{"line":48,"column":26}},"loc":{"start":{"line":49,"column":6},"end":{"line":49,"column":null}}},"10":{"name":"(anonymous_10)","decl":{"start":{"line":51,"column":19},"end":{"line":51,"column":20}},"loc":{"start":{"line":51,"column":53},"end":{"line":51,"column":null}}},"11":{"name":"(anonymous_11)","decl":{"start":{"line":53,"column":29},"end":{"line":53,"column":30}},"loc":{"start":{"line":54,"column":6},"end":{"line":54,"column":null}}},"12":{"name":"(anonymous_12)","decl":{"start":{"line":55,"column":29},"end":{"line":55,"column":30}},"loc":{"start":{"line":56,"column":6},"end":{"line":56,"column":null}}},"13":{"name":"(anonymous_13)","decl":{"start":{"line":58,"column":24},"end":{"line":58,"column":25}},"loc":{"start":{"line":59,"column":6},"end":{"line":59,"column":null}}},"14":{"name":"(anonymous_14)","decl":{"start":{"line":61,"column":31},"end":{"line":61,"column":32}},"loc":{"start":{"line":62,"column":6},"end":{"line":62,"column":null}}},"15":{"name":"(anonymous_15)","decl":{"start":{"line":64,"column":25},"end":{"line":64,"column":26}},"loc":{"start":{"line":65,"column":6},"end":{"line":65,"column":null}}},"16":{"name":"(anonymous_16)","decl":{"start":{"line":68,"column":4},"end":{"line":68,"column":10}},"loc":{"start":{"line":68,"column":79},"end":{"line":85,"column":null}}},"17":{"name":"(anonymous_17)","decl":{"start":{"line":86,"column":4},"end":{"line":86,"column":10}},"loc":{"start":{"line":86,"column":84},"end":{"line":103,"column":null}}},"18":{"name":"(anonymous_18)","decl":{"start":{"line":104,"column":4},"end":{"line":104,"column":10}},"loc":{"start":{"line":104,"column":69},"end":{"line":109,"column":null}}}},"branchMap":{"0":{"loc":{"start":{"line":35,"column":6},"end":{"line":35,"column":null}},"type":"binary-expr","locations":[{"start":{"line":35,"column":6},"end":{"line":35,"column":42}},{"start":{"line":35,"column":42},"end":{"line":35,"column":null}}]},"1":{"loc":{"start":{"line":37,"column":6},"end":{"line":37,"column":null}},"type":"binary-expr","locations":[{"start":{"line":37,"column":6},"end":{"line":37,"column":48}},{"start":{"line":37,"column":48},"end":{"line":37,"column":null}}]},"2":{"loc":{"start":{"line":40,"column":6},"end":{"line":40,"column":null}},"type":"binary-expr","locations":[{"start":{"line":40,"column":6},"end":{"line":40,"column":46}},{"start":{"line":40,"column":46},"end":{"line":40,"column":null}}]},"3":{"loc":{"start":{"line":43,"column":6},"end":{"line":43,"column":null}},"type":"binary-expr","locations":[{"start":{"line":43,"column":6},"end":{"line":43,"column":48}},{"start":{"line":43,"column":48},"end":{"line":43,"column":null}}]},"4":{"loc":{"start":{"line":46,"column":6},"end":{"line":46,"column":null}},"type":"binary-expr","locations":[{"start":{"line":46,"column":6},"end":{"line":46,"column":46}},{"start":{"line":46,"column":46},"end":{"line":46,"column":null}}]},"5":{"loc":{"start":{"line":49,"column":6},"end":{"line":49,"column":null}},"type":"binary-expr","locations":[{"start":{"line":49,"column":6},"end":{"line":49,"column":54}},{"start":{"line":49,"column":54},"end":{"line":49,"column":null}}]},"6":{"loc":{"start":{"line":51,"column":53},"end":{"line":51,"column":null}},"type":"binary-expr","locations":[{"start":{"line":51,"column":53},"end":{"line":51,"column":88}},{"start":{"line":51,"column":88},"end":{"line":51,"column":null}}]},"7":{"loc":{"start":{"line":54,"column":6},"end":{"line":54,"column":null}},"type":"binary-expr","locations":[{"start":{"line":54,"column":6},"end":{"line":54,"column":47}},{"start":{"line":54,"column":47},"end":{"line":54,"column":null}}]},"8":{"loc":{"start":{"line":56,"column":6},"end":{"line":56,"column":null}},"type":"binary-expr","locations":[{"start":{"line":56,"column":6},"end":{"line":56,"column":34}},{"start":{"line":56,"column":34},"end":{"line":56,"column":null}}]},"9":{"loc":{"start":{"line":62,"column":6},"end":{"line":62,"column":null}},"type":"binary-expr","locations":[{"start":{"line":62,"column":6},"end":{"line":62,"column":49}},{"start":{"line":62,"column":49},"end":{"line":62,"column":null}}]},"10":{"loc":{"start":{"line":65,"column":6},"end":{"line":65,"column":null}},"type":"binary-expr","locations":[{"start":{"line":65,"column":6},"end":{"line":65,"column":47}},{"start":{"line":65,"column":47},"end":{"line":65,"column":null}}]},"11":{"loc":{"start":{"line":73,"column":6},"end":{"line":77,"column":null}},"type":"if","locations":[{"start":{"line":73,"column":6},"end":{"line":77,"column":null}},{"start":{"line":73,"column":6},"end":{"line":77,"column":null}}]},"12":{"loc":{"start":{"line":91,"column":6},"end":{"line":95,"column":null}},"type":"if","locations":[{"start":{"line":91,"column":6},"end":{"line":95,"column":null}},{"start":{"line":91,"column":6},"end":{"line":95,"column":null}}]}},"s":{"0":12,"1":12,"2":6,"3":5,"4":1,"5":2,"6":4,"7":1,"8":2,"9":2,"10":2,"11":2,"12":2,"13":2,"14":1,"15":1,"16":1,"17":1,"18":0,"19":0,"20":0,"21":0,"22":0,"23":0,"24":0,"25":0,"26":0,"27":0,"28":0,"29":0,"30":0,"31":0,"32":0,"33":0,"34":0,"35":0,"36":0,"37":0,"38":0,"39":0,"40":0,"41":0,"42":0,"43":0,"44":0,"45":0,"46":0,"47":0},"f":{"0":6,"1":5,"2":1,"3":2,"4":4,"5":1,"6":2,"7":2,"8":2,"9":2,"10":2,"11":2,"12":1,"13":1,"14":1,"15":1,"16":0,"17":0,"18":0},"b":{"0":[4,4],"1":[1,1],"2":[2,2],"3":[2,2],"4":[2,2],"5":[2,2],"6":[2,2],"7":[2,2],"8":[1,1],"9":[1,1],"10":[1,1],"11":[0,0],"12":[0,0]}}
,"/Users/saikathalder/Documents/technical-assignments/frontend-weather-app-pjubsq/src/tests/const.ts": {"path":"/Users/saikathalder/Documents/technical-assignments/frontend-weather-app-pjubsq/src/tests/const.ts","statementMap":{"0":{"start":{"line":2,"column":33},"end":{"line":2,"column":null}},"1":{"start":{"line":3,"column":37},"end":{"line":3,"column":null}},"2":{"start":{"line":4,"column":38},"end":{"line":4,"column":null}},"3":{"start":{"line":7,"column":37},"end":{"line":7,"column":null}},"4":{"start":{"line":8,"column":42},"end":{"line":8,"column":null}},"5":{"start":{"line":9,"column":41},"end":{"line":9,"column":null}},"6":{"start":{"line":12,"column":40},"end":{"line":12,"column":null}},"7":{"start":{"line":13,"column":39},"end":{"line":13,"column":null}},"8":{"start":{"line":16,"column":49},"end":{"line":16,"column":null}},"9":{"start":{"line":17,"column":39},"end":{"line":17,"column":null}},"10":{"start":{"line":18,"column":40},"end":{"line":18,"column":null}},"11":{"start":{"line":19,"column":43},"end":{"line":19,"column":null}},"12":{"start":{"line":20,"column":38},"end":{"line":20,"column":null}},"13":{"start":{"line":21,"column":43},"end":{"line":21,"column":null}},"14":{"start":{"line":22,"column":46},"end":{"line":22,"column":null}},"15":{"start":{"line":25,"column":47},"end":{"line":25,"column":null}},"16":{"start":{"line":26,"column":49},"end":{"line":26,"column":null}},"17":{"start":{"line":29,"column":39},"end":{"line":29,"column":null}},"18":{"start":{"line":30,"column":34},"end":{"line":30,"column":null}},"19":{"start":{"line":33,"column":41},"end":{"line":33,"column":null}},"20":{"start":{"line":34,"column":36},"end":{"line":34,"column":null}},"21":{"start":{"line":37,"column":39},"end":{"line":37,"column":null}},"22":{"start":{"line":38,"column":34},"end":{"line":38,"column":null}},"23":{"start":{"line":41,"column":45},"end":{"line":41,"column":null}},"24":{"start":{"line":42,"column":49},"end":{"line":42,"column":null}},"25":{"start":{"line":44,"column":2},"end":{"line":44,"column":null}},"26":{"start":{"line":45,"column":49},"end":{"line":45,"column":null}},"27":{"start":{"line":46,"column":49},"end":{"line":46,"column":null}},"28":{"start":{"line":48,"column":2},"end":{"line":48,"column":null}},"29":{"start":{"line":50,"column":2},"end":{"line":50,"column":null}},"30":{"start":{"line":53,"column":48},"end":{"line":53,"column":null}},"31":{"start":{"line":55,"column":2},"end":{"line":55,"column":null}},"32":{"start":{"line":57,"column":2},"end":{"line":57,"column":null}},"33":{"start":{"line":58,"column":47},"end":{"line":58,"column":null}},"34":{"start":{"line":61,"column":47},"end":{"line":61,"column":null}},"35":{"start":{"line":62,"column":42},"end":{"line":62,"column":null}},"36":{"start":{"line":63,"column":43},"end":{"line":63,"column":null}},"37":{"start":{"line":64,"column":46},"end":{"line":64,"column":null}},"38":{"start":{"line":65,"column":40},"end":{"line":65,"column":null}},"39":{"start":{"line":66,"column":37},"end":{"line":66,"column":null}},"40":{"start":{"line":70,"column":2},"end":{"line":70,"column":null}},"41":{"start":{"line":72,"column":41},"end":{"line":72,"column":null}},"42":{"start":{"line":73,"column":46},"end":{"line":73,"column":null}},"43":{"start":{"line":76,"column":35},"end":{"line":76,"column":null}},"44":{"start":{"line":77,"column":36},"end":{"line":77,"column":null}},"45":{"start":{"line":78,"column":39},"end":{"line":78,"column":null}},"46":{"start":{"line":79,"column":34},"end":{"line":79,"column":null}},"47":{"start":{"line":82,"column":31},"end":{"line":82,"column":null}},"48":{"start":{"line":83,"column":35},"end":{"line":83,"column":null}},"49":{"start":{"line":84,"column":36},"end":{"line":84,"column":null}},"50":{"start":{"line":87,"column":30},"end":{"line":87,"column":null}},"51":{"start":{"line":88,"column":34},"end":{"line":88,"column":null}}},"fnMap":{},"branchMap":{},"s":{"0":18,"1":18,"2":18,"3":18,"4":18,"5":18,"6":18,"7":18,"8":18,"9":18,"10":18,"11":18,"12":18,"13":18,"14":18,"15":18,"16":18,"17":18,"18":18,"19":18,"20":18,"21":18,"22":18,"23":18,"24":18,"25":18,"26":18,"27":18,"28":18,"29":18,"30":18,"31":18,"32":18,"33":18,"34":18,"35":18,"36":18,"37":18,"38":18,"39":18,"40":18,"41":18,"42":18,"43":18,"44":18,"45":18,"46":18,"47":18,"48":18,"49":18,"50":18,"51":18},"f":{},"b":{}}
,"/Users/saikathalder/Documents/technical-assignments/frontend-weather-app-pjubsq/src/views/Home.vue": {"path":"/Users/saikathalder/Documents/technical-assignments/frontend-weather-app-pjubsq/src/views/Home.vue","statementMap":{"0":{"start":{"line":6,"column":15},"end":{"line":13,"column":null}},"1":{"start":{"line":17,"column":7},"end":{"line":17,"column":null}},"2":{"start":{"line":18,"column":9},"end":{"line":18,"column":null}},"3":{"start":{"line":21,"column":9},"end":{"line":21,"column":null}},"4":{"start":{"line":25,"column":7},"end":{"line":25,"column":null}}},"fnMap":{},"branchMap":{},"s":{"0":1,"1":1,"2":1,"3":1,"4":1},"f":{},"b":{}}
}
